2025-07-17 14:34:11 [restartedMain] INFO  kr.labit.blog.AppExecution - Starting AppExecution using Java 21.0.5 with PID 7721 (/Users/labit/Desktop/Develop/project/labit-project/backend/build/classes/java/main started by labit in /Users/labit/Desktop/Develop/project/labit-project/backend)
2025-07-17 14:34:11 [restartedMain] DEBUG kr.labit.blog.AppExecution - Running with Spring Boot v3.5.3, Spring v6.2.8
2025-07-17 14:34:11 [restartedMain] INFO  kr.labit.blog.AppExecution - No active profile set, falling back to 1 default profile: "default"
2025-07-17 14:34:11 [restartedMain] INFO  o.s.b.d.restart.ChangeableUrls - The Class-Path manifest attribute in /Users/labit/.gradle/caches/modules-2/files-2.1/com.oracle.database.jdbc/ojdbc11/23.3.0.23.09/405bcbc8d8dab59f562125fa1d2b7e06d21649f3/ojdbc11-23.3.0.23.09.jar referenced one or more files that do not exist: file:/Users/labit/.gradle/caches/modules-2/files-2.1/com.oracle.database.jdbc/ojdbc11/23.3.0.23.09/405bcbc8d8dab59f562125fa1d2b7e06d21649f3/oraclepki.jar
2025-07-17 14:34:11 [restartedMain] INFO  o.s.b.d.restart.ChangeableUrls - The Class-Path manifest attribute in /Users/labit/.gradle/caches/modules-2/files-2.1/com.oracle.database.security/oraclepki/21.5.0.0/edeb1ecf18a165b9e217295808c5087059560187/oraclepki-21.5.0.0.jar referenced one or more files that do not exist: file:/Users/labit/.gradle/caches/modules-2/files-2.1/com.oracle.database.security/oraclepki/21.5.0.0/edeb1ecf18a165b9e217295808c5087059560187/osdt_core.jar,file:/Users/labit/.gradle/caches/modules-2/files-2.1/com.oracle.database.security/oraclepki/21.5.0.0/edeb1ecf18a165b9e217295808c5087059560187/osdt_cert.jar,file:/Users/labit/.gradle/caches/modules-2/files-2.1/com.oracle.database.security/oraclepki/21.5.0.0/oracle.osdt/osdt_core.jar,file:/Users/labit/.gradle/caches/modules-2/files-2.1/com.oracle.database.security/oraclepki/21.5.0.0/oracle.osdt/osdt_cert.jar
2025-07-17 14:34:11 [restartedMain] INFO  o.s.b.d.e.DevToolsPropertyDefaultsPostProcessor - Devtools property defaults active! Set 'spring.devtools.add-properties' to 'false' to disable
2025-07-17 14:34:11 [restartedMain] INFO  o.s.b.d.e.DevToolsPropertyDefaultsPostProcessor - For additional web related logging consider setting the 'logging.level.web' property to 'DEBUG'
2025-07-17 14:34:11 [restartedMain] INFO  o.s.d.r.c.RepositoryConfigurationDelegate - Bootstrapping Spring Data JPA repositories in DEFAULT mode.
2025-07-17 14:34:11 [restartedMain] INFO  o.s.d.r.c.RepositoryConfigurationDelegate - Finished Spring Data repository scanning in 40 ms. Found 1 JPA repository interface.
2025-07-17 14:34:12 [restartedMain] INFO  o.s.b.w.e.tomcat.TomcatWebServer - Tomcat initialized with port 8080 (http)
2025-07-17 14:34:12 [restartedMain] INFO  o.a.catalina.core.StandardService - Starting service [Tomcat]
2025-07-17 14:34:12 [restartedMain] INFO  o.a.catalina.core.StandardEngine - Starting Servlet engine: [Apache Tomcat/10.1.42]
2025-07-17 14:34:12 [restartedMain] INFO  o.a.c.c.C.[Tomcat].[localhost].[/] - Initializing Spring embedded WebApplicationContext
2025-07-17 14:34:12 [restartedMain] INFO  o.s.b.w.s.c.ServletWebServerApplicationContext - Root WebApplicationContext: initialization completed in 665 ms
2025-07-17 14:34:12 [restartedMain] INFO  o.h.jpa.internal.util.LogHelper - HHH000204: Processing PersistenceUnitInfo [name: default]
2025-07-17 14:34:12 [restartedMain] INFO  org.hibernate.Version - HHH000412: Hibernate ORM core version 6.6.18.Final
2025-07-17 14:34:12 [restartedMain] INFO  o.h.c.i.RegionFactoryInitiator - HHH000026: Second-level cache disabled
2025-07-17 14:34:12 [restartedMain] INFO  o.s.o.j.p.SpringPersistenceUnitInfo - No LoadTimeWeaver setup: ignoring JPA class transformer
2025-07-17 14:34:12 [restartedMain] INFO  com.zaxxer.hikari.HikariDataSource - HikariPool-1 - Starting...
2025-07-17 14:34:12 [restartedMain] WARN  c.z.hikari.util.DriverDataSource - Registered driver with driverClassName=oracle.jdbc.driver.OracleDriver was not found, trying direct instantiation.
2025-07-17 14:34:13 [restartedMain] WARN  o.h.e.jdbc.spi.SqlExceptionHelper - SQL Error: 12263, SQLState: 66000
2025-07-17 14:34:13 [restartedMain] ERROR o.h.e.jdbc.spi.SqlExceptionHelper - ORA-12263: TNS 관리자로 구성된 디렉토리에서 tnsnames.ora 액세스 실패: E:/sonsDev/LABit/backend/src/main/resources/wallet. 파일이 존재하지 않거나 액세스할 수 없습니다.
https://docs.oracle.com/error-help/db/ora-12263/
2025-07-17 14:34:13 [restartedMain] WARN  o.h.e.j.e.i.JdbcEnvironmentInitiator - HHH000342: Could not obtain connection to query metadata
org.hibernate.exception.GenericJDBCException: unable to obtain isolated JDBC connection [ORA-12263: TNS 관리자로 구성된 디렉토리에서 tnsnames.ora 액세스 실패: E:/sonsDev/LABit/backend/src/main/resources/wallet. 파일이 존재하지 않거나 액세스할 수 없습니다.
https://docs.oracle.com/error-help/db/ora-12263/] [n/a]
	at org.hibernate.exception.internal.StandardSQLExceptionConverter.convert(StandardSQLExceptionConverter.java:63)
	at org.hibernate.engine.jdbc.spi.SqlExceptionHelper.convert(SqlExceptionHelper.java:108)
	at org.hibernate.engine.jdbc.spi.SqlExceptionHelper.convert(SqlExceptionHelper.java:94)
	at org.hibernate.resource.transaction.backend.jdbc.internal.JdbcIsolationDelegate.delegateWork(JdbcIsolationDelegate.java:116)
	at org.hibernate.engine.jdbc.env.internal.JdbcEnvironmentInitiator.getJdbcEnvironmentUsingJdbcMetadata(JdbcEnvironmentInitiator.java:336)
	at org.hibernate.engine.jdbc.env.internal.JdbcEnvironmentInitiator.initiateService(JdbcEnvironmentInitiator.java:129)
	at org.hibernate.engine.jdbc.env.internal.JdbcEnvironmentInitiator.initiateService(JdbcEnvironmentInitiator.java:81)
	at org.hibernate.boot.registry.internal.StandardServiceRegistryImpl.initiateService(StandardServiceRegistryImpl.java:130)
	at org.hibernate.service.internal.AbstractServiceRegistryImpl.createService(AbstractServiceRegistryImpl.java:263)
	at org.hibernate.service.internal.AbstractServiceRegistryImpl.initializeService(AbstractServiceRegistryImpl.java:238)
	at org.hibernate.service.internal.AbstractServiceRegistryImpl.getService(AbstractServiceRegistryImpl.java:215)
	at org.hibernate.boot.model.relational.Database.<init>(Database.java:45)
	at org.hibernate.boot.internal.InFlightMetadataCollectorImpl.getDatabase(InFlightMetadataCollectorImpl.java:226)
	at org.hibernate.boot.internal.InFlightMetadataCollectorImpl.<init>(InFlightMetadataCollectorImpl.java:194)
	at org.hibernate.boot.model.process.spi.MetadataBuildingProcess.complete(MetadataBuildingProcess.java:171)
	at org.hibernate.jpa.boot.internal.EntityManagerFactoryBuilderImpl.metadata(EntityManagerFactoryBuilderImpl.java:1442)
	at org.hibernate.jpa.boot.internal.EntityManagerFactoryBuilderImpl.build(EntityManagerFactoryBuilderImpl.java:1513)
	at org.springframework.orm.jpa.vendor.SpringHibernateJpaPersistenceProvider.createContainerEntityManagerFactory(SpringHibernateJpaPersistenceProvider.java:66)
	at org.springframework.orm.jpa.LocalContainerEntityManagerFactoryBean.createNativeEntityManagerFactory(LocalContainerEntityManagerFactoryBean.java:390)
	at org.springframework.orm.jpa.AbstractEntityManagerFactoryBean.buildNativeEntityManagerFactory(AbstractEntityManagerFactoryBean.java:419)
	at org.springframework.orm.jpa.AbstractEntityManagerFactoryBean.afterPropertiesSet(AbstractEntityManagerFactoryBean.java:400)
	at org.springframework.orm.jpa.LocalContainerEntityManagerFactoryBean.afterPropertiesSet(LocalContainerEntityManagerFactoryBean.java:366)
	at org.springframework.beans.factory.support.AbstractAutowireCapableBeanFactory.invokeInitMethods(AbstractAutowireCapableBeanFactory.java:1873)
	at org.springframework.beans.factory.support.AbstractAutowireCapableBeanFactory.initializeBean(AbstractAutowireCapableBeanFactory.java:1822)
	at org.springframework.beans.factory.support.AbstractAutowireCapableBeanFactory.doCreateBean(AbstractAutowireCapableBeanFactory.java:607)
	at org.springframework.beans.factory.support.AbstractAutowireCapableBeanFactory.createBean(AbstractAutowireCapableBeanFactory.java:529)
	at org.springframework.beans.factory.support.AbstractBeanFactory.lambda$doGetBean$0(AbstractBeanFactory.java:339)
	at org.springframework.beans.factory.support.DefaultSingletonBeanRegistry.getSingleton(DefaultSingletonBeanRegistry.java:373)
	at org.springframework.beans.factory.support.AbstractBeanFactory.doGetBean(AbstractBeanFactory.java:337)
	at org.springframework.beans.factory.support.AbstractBeanFactory.getBean(AbstractBeanFactory.java:207)
	at org.springframework.context.support.AbstractApplicationContext.finishBeanFactoryInitialization(AbstractApplicationContext.java:970)
	at org.springframework.context.support.AbstractApplicationContext.refresh(AbstractApplicationContext.java:627)
	at org.springframework.boot.web.servlet.context.ServletWebServerApplicationContext.refresh(ServletWebServerApplicationContext.java:146)
	at org.springframework.boot.SpringApplication.refresh(SpringApplication.java:752)
	at org.springframework.boot.SpringApplication.refreshContext(SpringApplication.java:439)
	at org.springframework.boot.SpringApplication.run(SpringApplication.java:318)
	at org.springframework.boot.SpringApplication.run(SpringApplication.java:1361)
	at org.springframework.boot.SpringApplication.run(SpringApplication.java:1350)
	at kr.labit.blog.AppExecution.main(AppExecution.java:11)
	at java.base/jdk.internal.reflect.DirectMethodHandleAccessor.invoke(DirectMethodHandleAccessor.java:103)
	at java.base/java.lang.reflect.Method.invoke(Method.java:580)
	at org.springframework.boot.devtools.restart.RestartLauncher.run(RestartLauncher.java:50)
Caused by: java.sql.SQLException: ORA-12263: TNS 관리자로 구성된 디렉토리에서 tnsnames.ora 액세스 실패: E:/sonsDev/LABit/backend/src/main/resources/wallet. 파일이 존재하지 않거나 액세스할 수 없습니다.
https://docs.oracle.com/error-help/db/ora-12263/
	at oracle.jdbc.driver.T4CConnection.handleLogonNetException(T4CConnection.java:1398)
	at oracle.jdbc.driver.T4CConnection.logon(T4CConnection.java:991)
	at oracle.jdbc.driver.PhysicalConnection.connect(PhysicalConnection.java:1157)
	at oracle.jdbc.driver.T4CDriverExtension.getConnection(T4CDriverExtension.java:104)
	at oracle.jdbc.driver.OracleDriver.connect(OracleDriver.java:825)
	at oracle.jdbc.driver.OracleDriver.connect(OracleDriver.java:651)
	at com.zaxxer.hikari.util.DriverDataSource.getConnection(DriverDataSource.java:139)
	at com.zaxxer.hikari.pool.PoolBase.newConnection(PoolBase.java:368)
	at com.zaxxer.hikari.pool.PoolBase.newPoolEntry(PoolBase.java:205)
	at com.zaxxer.hikari.pool.HikariPool.createPoolEntry(HikariPool.java:483)
	at com.zaxxer.hikari.pool.HikariPool.checkFailFast(HikariPool.java:571)
	at com.zaxxer.hikari.pool.HikariPool.<init>(HikariPool.java:101)
	at com.zaxxer.hikari.HikariDataSource.getConnection(HikariDataSource.java:111)
	at org.hibernate.engine.jdbc.connections.internal.DatasourceConnectionProviderImpl.getConnection(DatasourceConnectionProviderImpl.java:126)
	at org.hibernate.engine.jdbc.env.internal.JdbcEnvironmentInitiator$ConnectionProviderJdbcConnectionAccess.obtainConnection(JdbcEnvironmentInitiator.java:483)
	at org.hibernate.resource.transaction.backend.jdbc.internal.JdbcIsolationDelegate.delegateWork(JdbcIsolationDelegate.java:61)
	... 38 common frames omitted
Caused by: oracle.net.ns.NetException: ORA-12263: TNS 관리자로 구성된 디렉토리에서 tnsnames.ora 액세스 실패: E:/sonsDev/LABit/backend/src/main/resources/wallet. 파일이 존재하지 않거나 액세스할 수 없습니다.
https://docs.oracle.com/error-help/db/ora-12263/
	at oracle.net.resolver.TNSNamesNamingAdapter.resolve(TNSNamesNamingAdapter.java:142)
	at oracle.net.resolver.NameResolver.resolveName(NameResolver.java:177)
	at oracle.net.resolver.AddrResolution.resolveTNSAddress(AddrResolution.java:903)
	at oracle.net.resolver.AddrResolution.initConnStrategy(AddrResolution.java:632)
	at oracle.net.resolver.AddrResolution.<init>(AddrResolution.java:447)
	at oracle.net.ns.NSProtocol.<init>(NSProtocol.java:246)
	at oracle.net.ns.NSProtocolNIO.<init>(NSProtocolNIO.java:147)
	at oracle.jdbc.driver.T4CConnection.logon(T4CConnection.java:911)
	... 52 common frames omitted
	Suppressed: oracle.net.ns.NetException: ORA-17866: 포트 번호에 부적합한 숫자 형식입니다.
https://docs.oracle.com/error-help/db/ora-17866/
		at oracle.net.resolver.HostnameNamingAdapter.resolve(HostnameNamingAdapter.java:191)
		... 59 common frames omitted
2025-07-17 14:34:13 [restartedMain] WARN  org.hibernate.orm.deprecation - HHH90000025: OracleDialect does not need to be specified explicitly using 'hibernate.dialect' (remove the property setting and it will be selected by default)
2025-07-17 14:34:13 [restartedMain] INFO  o.hibernate.orm.connections.pooling - HHH10001005: Database info:
	Database JDBC URL [Connecting through datasource 'HikariDataSource (null)']
	Database driver: undefined/unknown
	Database version: 19.0
	Autocommit mode: undefined/unknown
	Isolation level: undefined/unknown
	Minimum pool size: undefined/unknown
	Maximum pool size: undefined/unknown
2025-07-17 14:34:13 [restartedMain] INFO  o.h.e.t.j.p.i.JtaPlatformInitiator - HHH000489: No JTA platform available (set 'hibernate.transaction.jta.platform' to enable JTA platform integration)
2025-07-17 14:34:13 [restartedMain] INFO  com.zaxxer.hikari.HikariDataSource - HikariPool-1 - Starting...
2025-07-17 14:34:13 [restartedMain] WARN  c.z.hikari.util.DriverDataSource - Registered driver with driverClassName=oracle.jdbc.driver.OracleDriver was not found, trying direct instantiation.
2025-07-17 14:34:14 [restartedMain] WARN  o.h.e.jdbc.spi.SqlExceptionHelper - SQL Error: 12263, SQLState: 66000
2025-07-17 14:34:14 [restartedMain] ERROR o.h.e.jdbc.spi.SqlExceptionHelper - ORA-12263: TNS 관리자로 구성된 디렉토리에서 tnsnames.ora 액세스 실패: E:/sonsDev/LABit/backend/src/main/resources/wallet. 파일이 존재하지 않거나 액세스할 수 없습니다.
https://docs.oracle.com/error-help/db/ora-12263/
2025-07-17 14:34:14 [restartedMain] ERROR o.s.o.j.LocalContainerEntityManagerFactoryBean - Failed to initialize JPA EntityManagerFactory: [PersistenceUnit: default] Unable to build Hibernate SessionFactory; nested exception is org.hibernate.exception.GenericJDBCException: Unable to open JDBC Connection for DDL execution [ORA-12263: TNS 관리자로 구성된 디렉토리에서 tnsnames.ora 액세스 실패: E:/sonsDev/LABit/backend/src/main/resources/wallet. 파일이 존재하지 않거나 액세스할 수 없습니다.
https://docs.oracle.com/error-help/db/ora-12263/] [n/a]
2025-07-17 14:34:14 [restartedMain] WARN  o.s.b.w.s.c.AnnotationConfigServletWebServerApplicationContext - Exception encountered during context initialization - cancelling refresh attempt: org.springframework.beans.factory.BeanCreationException: Error creating bean with name 'entityManagerFactory' defined in class path resource [org/springframework/boot/autoconfigure/orm/jpa/HibernateJpaConfiguration.class]: [PersistenceUnit: default] Unable to build Hibernate SessionFactory; nested exception is org.hibernate.exception.GenericJDBCException: Unable to open JDBC Connection for DDL execution [ORA-12263: TNS 관리자로 구성된 디렉토리에서 tnsnames.ora 액세스 실패: E:/sonsDev/LABit/backend/src/main/resources/wallet. 파일이 존재하지 않거나 액세스할 수 없습니다.
https://docs.oracle.com/error-help/db/ora-12263/] [n/a]
2025-07-17 14:34:14 [restartedMain] INFO  o.a.catalina.core.StandardService - Stopping service [Tomcat]
2025-07-17 14:34:14 [restartedMain] INFO  o.s.b.a.l.ConditionEvaluationReportLogger - 

Error starting ApplicationContext. To display the condition evaluation report re-run your application with 'debug' enabled.
2025-07-17 14:34:14 [restartedMain] ERROR o.s.boot.SpringApplication - Application run failed
org.springframework.beans.factory.BeanCreationException: Error creating bean with name 'entityManagerFactory' defined in class path resource [org/springframework/boot/autoconfigure/orm/jpa/HibernateJpaConfiguration.class]: [PersistenceUnit: default] Unable to build Hibernate SessionFactory; nested exception is org.hibernate.exception.GenericJDBCException: Unable to open JDBC Connection for DDL execution [ORA-12263: TNS 관리자로 구성된 디렉토리에서 tnsnames.ora 액세스 실패: E:/sonsDev/LABit/backend/src/main/resources/wallet. 파일이 존재하지 않거나 액세스할 수 없습니다.
https://docs.oracle.com/error-help/db/ora-12263/] [n/a]
	at org.springframework.beans.factory.support.AbstractAutowireCapableBeanFactory.initializeBean(AbstractAutowireCapableBeanFactory.java:1826)
	at org.springframework.beans.factory.support.AbstractAutowireCapableBeanFactory.doCreateBean(AbstractAutowireCapableBeanFactory.java:607)
	at org.springframework.beans.factory.support.AbstractAutowireCapableBeanFactory.createBean(AbstractAutowireCapableBeanFactory.java:529)
	at org.springframework.beans.factory.support.AbstractBeanFactory.lambda$doGetBean$0(AbstractBeanFactory.java:339)
	at org.springframework.beans.factory.support.DefaultSingletonBeanRegistry.getSingleton(DefaultSingletonBeanRegistry.java:373)
	at org.springframework.beans.factory.support.AbstractBeanFactory.doGetBean(AbstractBeanFactory.java:337)
	at org.springframework.beans.factory.support.AbstractBeanFactory.getBean(AbstractBeanFactory.java:207)
	at org.springframework.context.support.AbstractApplicationContext.finishBeanFactoryInitialization(AbstractApplicationContext.java:970)
	at org.springframework.context.support.AbstractApplicationContext.refresh(AbstractApplicationContext.java:627)
	at org.springframework.boot.web.servlet.context.ServletWebServerApplicationContext.refresh(ServletWebServerApplicationContext.java:146)
	at org.springframework.boot.SpringApplication.refresh(SpringApplication.java:752)
	at org.springframework.boot.SpringApplication.refreshContext(SpringApplication.java:439)
	at org.springframework.boot.SpringApplication.run(SpringApplication.java:318)
	at org.springframework.boot.SpringApplication.run(SpringApplication.java:1361)
	at org.springframework.boot.SpringApplication.run(SpringApplication.java:1350)
	at kr.labit.blog.AppExecution.main(AppExecution.java:11)
	at java.base/jdk.internal.reflect.DirectMethodHandleAccessor.invoke(DirectMethodHandleAccessor.java:103)
	at java.base/java.lang.reflect.Method.invoke(Method.java:580)
	at org.springframework.boot.devtools.restart.RestartLauncher.run(RestartLauncher.java:50)
Caused by: jakarta.persistence.PersistenceException: [PersistenceUnit: default] Unable to build Hibernate SessionFactory; nested exception is org.hibernate.exception.GenericJDBCException: Unable to open JDBC Connection for DDL execution [ORA-12263: TNS 관리자로 구성된 디렉토리에서 tnsnames.ora 액세스 실패: E:/sonsDev/LABit/backend/src/main/resources/wallet. 파일이 존재하지 않거나 액세스할 수 없습니다.
https://docs.oracle.com/error-help/db/ora-12263/] [n/a]
	at org.springframework.orm.jpa.AbstractEntityManagerFactoryBean.buildNativeEntityManagerFactory(AbstractEntityManagerFactoryBean.java:431)
	at org.springframework.orm.jpa.AbstractEntityManagerFactoryBean.afterPropertiesSet(AbstractEntityManagerFactoryBean.java:400)
	at org.springframework.orm.jpa.LocalContainerEntityManagerFactoryBean.afterPropertiesSet(LocalContainerEntityManagerFactoryBean.java:366)
	at org.springframework.beans.factory.support.AbstractAutowireCapableBeanFactory.invokeInitMethods(AbstractAutowireCapableBeanFactory.java:1873)
	at org.springframework.beans.factory.support.AbstractAutowireCapableBeanFactory.initializeBean(AbstractAutowireCapableBeanFactory.java:1822)
	... 18 common frames omitted
Caused by: org.hibernate.exception.GenericJDBCException: Unable to open JDBC Connection for DDL execution [ORA-12263: TNS 관리자로 구성된 디렉토리에서 tnsnames.ora 액세스 실패: E:/sonsDev/LABit/backend/src/main/resources/wallet. 파일이 존재하지 않거나 액세스할 수 없습니다.
https://docs.oracle.com/error-help/db/ora-12263/] [n/a]
	at org.hibernate.exception.internal.StandardSQLExceptionConverter.convert(StandardSQLExceptionConverter.java:63)
	at org.hibernate.engine.jdbc.spi.SqlExceptionHelper.convert(SqlExceptionHelper.java:108)
	at org.hibernate.engine.jdbc.spi.SqlExceptionHelper.convert(SqlExceptionHelper.java:94)
	at org.hibernate.resource.transaction.backend.jdbc.internal.DdlTransactionIsolatorNonJtaImpl.getIsolatedConnection(DdlTransactionIsolatorNonJtaImpl.java:74)
	at org.hibernate.resource.transaction.backend.jdbc.internal.DdlTransactionIsolatorNonJtaImpl.getIsolatedConnection(DdlTransactionIsolatorNonJtaImpl.java:39)
	at org.hibernate.tool.schema.internal.exec.ImprovedExtractionContextImpl.getJdbcConnection(ImprovedExtractionContextImpl.java:63)
	at org.hibernate.tool.schema.extract.spi.ExtractionContext.getQueryResults(ExtractionContext.java:43)
	at org.hibernate.tool.schema.extract.internal.SequenceInformationExtractorLegacyImpl.extractMetadata(SequenceInformationExtractorLegacyImpl.java:39)
	at org.hibernate.tool.schema.extract.internal.DatabaseInformationImpl.initializeSequences(DatabaseInformationImpl.java:66)
	at org.hibernate.tool.schema.extract.internal.DatabaseInformationImpl.<init>(DatabaseInformationImpl.java:60)
	at org.hibernate.tool.schema.internal.Helper.buildDatabaseInformation(Helper.java:185)
	at org.hibernate.tool.schema.internal.AbstractSchemaValidator.doValidation(AbstractSchemaValidator.java:69)
	at org.hibernate.tool.schema.spi.SchemaManagementToolCoordinator.performDatabaseAction(SchemaManagementToolCoordinator.java:289)
	at org.hibernate.tool.schema.spi.SchemaManagementToolCoordinator.lambda$process$5(SchemaManagementToolCoordinator.java:144)
	at java.base/java.util.HashMap.forEach(HashMap.java:1429)
	at org.hibernate.tool.schema.spi.SchemaManagementToolCoordinator.process(SchemaManagementToolCoordinator.java:141)
	at org.hibernate.boot.internal.SessionFactoryObserverForSchemaExport.sessionFactoryCreated(SessionFactoryObserverForSchemaExport.java:37)
	at org.hibernate.internal.SessionFactoryObserverChain.sessionFactoryCreated(SessionFactoryObserverChain.java:35)
	at org.hibernate.internal.SessionFactoryImpl.<init>(SessionFactoryImpl.java:324)
	at org.hibernate.boot.internal.SessionFactoryBuilderImpl.build(SessionFactoryBuilderImpl.java:463)
	at org.hibernate.jpa.boot.internal.EntityManagerFactoryBuilderImpl.build(EntityManagerFactoryBuilderImpl.java:1517)
	at org.springframework.orm.jpa.vendor.SpringHibernateJpaPersistenceProvider.createContainerEntityManagerFactory(SpringHibernateJpaPersistenceProvider.java:66)
	at org.springframework.orm.jpa.LocalContainerEntityManagerFactoryBean.createNativeEntityManagerFactory(LocalContainerEntityManagerFactoryBean.java:390)
	at org.springframework.orm.jpa.AbstractEntityManagerFactoryBean.buildNativeEntityManagerFactory(AbstractEntityManagerFactoryBean.java:419)
	... 22 common frames omitted
Caused by: java.sql.SQLException: ORA-12263: TNS 관리자로 구성된 디렉토리에서 tnsnames.ora 액세스 실패: E:/sonsDev/LABit/backend/src/main/resources/wallet. 파일이 존재하지 않거나 액세스할 수 없습니다.
https://docs.oracle.com/error-help/db/ora-12263/
	at oracle.jdbc.driver.T4CConnection.handleLogonNetException(T4CConnection.java:1398)
	at oracle.jdbc.driver.T4CConnection.logon(T4CConnection.java:991)
	at oracle.jdbc.driver.PhysicalConnection.connect(PhysicalConnection.java:1157)
	at oracle.jdbc.driver.T4CDriverExtension.getConnection(T4CDriverExtension.java:104)
	at oracle.jdbc.driver.OracleDriver.connect(OracleDriver.java:825)
	at oracle.jdbc.driver.OracleDriver.connect(OracleDriver.java:651)
	at com.zaxxer.hikari.util.DriverDataSource.getConnection(DriverDataSource.java:139)
	at com.zaxxer.hikari.pool.PoolBase.newConnection(PoolBase.java:368)
	at com.zaxxer.hikari.pool.PoolBase.newPoolEntry(PoolBase.java:205)
	at com.zaxxer.hikari.pool.HikariPool.createPoolEntry(HikariPool.java:483)
	at com.zaxxer.hikari.pool.HikariPool.checkFailFast(HikariPool.java:571)
	at com.zaxxer.hikari.pool.HikariPool.<init>(HikariPool.java:101)
	at com.zaxxer.hikari.HikariDataSource.getConnection(HikariDataSource.java:111)
	at org.hibernate.engine.jdbc.connections.internal.DatasourceConnectionProviderImpl.getConnection(DatasourceConnectionProviderImpl.java:126)
	at org.hibernate.engine.jdbc.env.internal.JdbcEnvironmentInitiator$ConnectionProviderJdbcConnectionAccess.obtainConnection(JdbcEnvironmentInitiator.java:483)
	at org.hibernate.resource.transaction.backend.jdbc.internal.DdlTransactionIsolatorNonJtaImpl.getIsolatedConnection(DdlTransactionIsolatorNonJtaImpl.java:46)
	... 42 common frames omitted
Caused by: oracle.net.ns.NetException: ORA-12263: TNS 관리자로 구성된 디렉토리에서 tnsnames.ora 액세스 실패: E:/sonsDev/LABit/backend/src/main/resources/wallet. 파일이 존재하지 않거나 액세스할 수 없습니다.
https://docs.oracle.com/error-help/db/ora-12263/
	at oracle.net.resolver.TNSNamesNamingAdapter.resolve(TNSNamesNamingAdapter.java:142)
	at oracle.net.resolver.NameResolver.resolveName(NameResolver.java:177)
	at oracle.net.resolver.AddrResolution.resolveTNSAddress(AddrResolution.java:903)
	at oracle.net.resolver.AddrResolution.initConnStrategy(AddrResolution.java:632)
	at oracle.net.resolver.AddrResolution.<init>(AddrResolution.java:447)
	at oracle.net.ns.NSProtocol.<init>(NSProtocol.java:246)
	at oracle.net.ns.NSProtocolNIO.<init>(NSProtocolNIO.java:147)
	at oracle.jdbc.driver.T4CConnection.logon(T4CConnection.java:911)
	... 56 common frames omitted
	Suppressed: oracle.net.ns.NetException: ORA-17866: 포트 번호에 부적합한 숫자 형식입니다.
https://docs.oracle.com/error-help/db/ora-17866/
		at oracle.net.resolver.HostnameNamingAdapter.resolve(HostnameNamingAdapter.java:191)
		... 63 common frames omitted
